2024-03-27T13:12:40.705+01:00  INFO 13684 --- [invoce-system] [restartedMain] h.a.b.invoce.InvoceSystemApplication     : Starting InvoceSystemApplication using Java 21.0.1 with PID 13684 (D:\java_meghajto\ProgramozasTanitasa\java_backend_tanfolyam\anzek\pallas70projects\springboot-projektek\invoce\full-invoice-system\invoice\target\classes started by User in D:\java_meghajto\ProgramozasTanitasa\java_backend_tanfolyam\anzek\pallas70projects\springboot-projektek\invoce\full-invoice-system\invoice)
2024-03-27T13:12:40.728+01:00  INFO 13684 --- [invoce-system] [restartedMain] h.a.b.invoce.InvoceSystemApplication     : The following 1 profile is active: "normaluzem"
2024-03-27T13:12:40.852+01:00  INFO 13684 --- [invoce-system] [restartedMain] .e.DevToolsPropertyDefaultsPostProcessor : Devtools property defaults active! Set 'spring.devtools.add-properties' to 'false' to disable
2024-03-27T13:12:40.853+01:00  INFO 13684 --- [invoce-system] [restartedMain] .e.DevToolsPropertyDefaultsPostProcessor : For additional web related logging consider setting the 'logging.level.web' property to 'DEBUG'
2024-03-27T13:12:42.118+01:00  INFO 13684 --- [invoce-system] [restartedMain] .s.d.r.c.RepositoryConfigurationDelegate : Bootstrapping Spring Data JPA repositories in DEFAULT mode.
2024-03-27T13:12:42.233+01:00  INFO 13684 --- [invoce-system] [restartedMain] .s.d.r.c.RepositoryConfigurationDelegate : Finished Spring Data repository scanning in 102 ms. Found 1 JPA repository interface.
2024-03-27T13:12:43.440+01:00  INFO 13684 --- [invoce-system] [restartedMain] o.s.b.w.embedded.tomcat.TomcatWebServer  : Tomcat initialized with port 8080 (http)
2024-03-27T13:12:43.461+01:00  INFO 13684 --- [invoce-system] [restartedMain] o.apache.catalina.core.StandardService   : Starting service [Tomcat]
2024-03-27T13:12:43.462+01:00  INFO 13684 --- [invoce-system] [restartedMain] o.apache.catalina.core.StandardEngine    : Starting Servlet engine: [Apache Tomcat/10.1.19]
2024-03-27T13:12:43.566+01:00  INFO 13684 --- [invoce-system] [restartedMain] o.a.c.c.C.[Tomcat].[localhost].[/]       : Initializing Spring embedded WebApplicationContext
2024-03-27T13:12:43.567+01:00  INFO 13684 --- [invoce-system] [restartedMain] w.s.c.ServletWebServerApplicationContext : Root WebApplicationContext: initialization completed in 2713 ms
2024-03-27T13:12:43.622+01:00  WARN 13684 --- [invoce-system] [restartedMain] com.zaxxer.hikari.HikariConfig           : HikariPool-1 - idleTimeout has been set but has no effect because the pool is operating as a fixed size pool.
2024-03-27T13:12:43.624+01:00  INFO 13684 --- [invoce-system] [restartedMain] com.zaxxer.hikari.HikariDataSource       : HikariPool-1 - Starting...
2024-03-27T13:12:44.304+01:00  INFO 13684 --- [invoce-system] [restartedMain] com.zaxxer.hikari.pool.HikariPool        : HikariPool-1 - Added connection com.mysql.cj.jdbc.ConnectionImpl@1f8549ae
2024-03-27T13:12:44.308+01:00  INFO 13684 --- [invoce-system] [restartedMain] com.zaxxer.hikari.HikariDataSource       : HikariPool-1 - Start completed.
2024-03-27T13:12:44.327+01:00  INFO 13684 --- [invoce-system] [restartedMain] o.s.b.a.h2.H2ConsoleAutoConfiguration    : H2 console available at '/h2-console'. Database available at 'jdbc:mysql://localhost:3306/invoices176s?useSSL=false'
2024-03-27T13:12:44.622+01:00  INFO 13684 --- [invoce-system] [restartedMain] o.hibernate.jpa.internal.util.LogHelper  : HHH000204: Processing PersistenceUnitInfo [name: default]
2024-03-27T13:12:44.786+01:00  INFO 13684 --- [invoce-system] [restartedMain] org.hibernate.Version                    : HHH000412: Hibernate ORM core version 6.4.4.Final
2024-03-27T13:12:44.868+01:00  INFO 13684 --- [invoce-system] [restartedMain] o.h.c.internal.RegionFactoryInitiator    : HHH000026: Second-level cache disabled
2024-03-27T13:12:45.277+01:00  INFO 13684 --- [invoce-system] [restartedMain] o.s.o.j.p.SpringPersistenceUnitInfo      : No LoadTimeWeaver setup: ignoring JPA class transformer
2024-03-27T13:12:45.404+01:00  WARN 13684 --- [invoce-system] [restartedMain] org.hibernate.orm.deprecation            : HHH90000025: MySQLDialect does not need to be specified explicitly using 'hibernate.dialect' (remove the property setting and it will be selected by default)
2024-03-27T13:12:46.599+01:00  INFO 13684 --- [invoce-system] [restartedMain] o.h.e.t.j.p.i.JtaPlatformInitiator       : HHH000489: No JTA platform available (set 'hibernate.transaction.jta.platform' to enable JTA platform integration)
2024-03-27T13:12:46.694+01:00  INFO 13684 --- [invoce-system] [restartedMain] j.LocalContainerEntityManagerFactoryBean : Initialized JPA EntityManagerFactory for persistence unit 'default'
2024-03-27T13:12:47.301+01:00  WARN 13684 --- [invoce-system] [restartedMain] JpaBaseConfiguration$JpaWebConfiguration : spring.jpa.open-in-view is enabled by default. Therefore, database queries may be performed during view rendering. Explicitly configure spring.jpa.open-in-view to disable this warning
2024-03-27T13:12:47.893+01:00  WARN 13684 --- [invoce-system] [restartedMain] .s.s.UserDetailsServiceAutoConfiguration : 

Using generated security password: 78629cb2-a39c-4cf9-9a4f-84653628c3c4

This generated password is for development use only. Your security configuration must be updated before running your application in production.

2024-03-27T13:12:48.088+01:00  INFO 13684 --- [invoce-system] [restartedMain] o.s.s.web.DefaultSecurityFilterChain     : Will secure any request with [org.springframework.security.web.session.DisableEncodeUrlFilter@6bddb892, org.springframework.security.web.context.request.async.WebAsyncManagerIntegrationFilter@205dd1dc, org.springframework.security.web.context.SecurityContextHolderFilter@4cabe64d, org.springframework.security.web.header.HeaderWriterFilter@46e58ff9, org.springframework.web.filter.CorsFilter@270ea390, org.springframework.security.web.csrf.CsrfFilter@12c6e1cc, org.springframework.security.web.authentication.logout.LogoutFilter@26ccd6e6, org.springframework.security.web.authentication.UsernamePasswordAuthenticationFilter@7ebd13aa, org.springframework.security.web.authentication.ui.DefaultLoginPageGeneratingFilter@73a2d5bc, org.springframework.security.web.authentication.ui.DefaultLogoutPageGeneratingFilter@2ac9977a, org.springframework.security.web.authentication.www.BasicAuthenticationFilter@74b7ef8a, org.springframework.security.web.savedrequest.RequestCacheAwareFilter@797645a8, org.springframework.security.web.servletapi.SecurityContextHolderAwareRequestFilter@176f0006, org.springframework.security.web.authentication.AnonymousAuthenticationFilter@2cd6a399, org.springframework.security.web.access.ExceptionTranslationFilter@656aef11, org.springframework.security.web.access.intercept.AuthorizationFilter@5e7a1b6]
2024-03-27T13:12:48.166+01:00  INFO 13684 --- [invoce-system] [restartedMain] o.s.b.d.a.OptionalLiveReloadServer       : LiveReload server is running on port 35729
2024-03-27T13:12:48.222+01:00  INFO 13684 --- [invoce-system] [restartedMain] o.s.b.w.embedded.tomcat.TomcatWebServer  : Tomcat started on port 8080 (http) with context path ''
2024-03-27T13:12:48.237+01:00  INFO 13684 --- [invoce-system] [restartedMain] h.a.b.invoce.InvoceSystemApplication     : Started InvoceSystemApplication in 8.475 seconds (process running for 9.472)
2024-03-27T13:13:42.997+01:00  INFO 13684 --- [invoce-system] [File Watcher] rtingClassPathChangeChangedEventListener : Restarting due to 1 class path change (0 additions, 0 deletions, 1 modification)
2024-03-27T13:13:43.027+01:00  INFO 13684 --- [invoce-system] [Thread-5] j.LocalContainerEntityManagerFactoryBean : Closing JPA EntityManagerFactory for persistence unit 'default'
2024-03-27T13:13:43.032+01:00  INFO 13684 --- [invoce-system] [Thread-5] com.zaxxer.hikari.HikariDataSource       : HikariPool-1 - Shutdown initiated...
2024-03-27T13:13:43.052+01:00  INFO 13684 --- [invoce-system] [Thread-5] com.zaxxer.hikari.HikariDataSource       : HikariPool-1 - Shutdown completed.
2024-03-27T13:13:43.252+01:00  INFO 13684 --- [invoce-system] [restartedMain] h.a.b.invoce.InvoceSystemApplication     : Starting InvoceSystemApplication using Java 21.0.1 with PID 13684 (D:\java_meghajto\ProgramozasTanitasa\java_backend_tanfolyam\anzek\pallas70projects\springboot-projektek\invoce\full-invoice-system\invoice\target\classes started by User in D:\java_meghajto\ProgramozasTanitasa\java_backend_tanfolyam\anzek\pallas70projects\springboot-projektek\invoce\full-invoice-system\invoice)
2024-03-27T13:13:43.253+01:00  INFO 13684 --- [invoce-system] [restartedMain] h.a.b.invoce.InvoceSystemApplication     : The following 1 profile is active: "normaluzem"
2024-03-27T13:13:44.084+01:00  INFO 13684 --- [invoce-system] [restartedMain] .s.d.r.c.RepositoryConfigurationDelegate : Bootstrapping Spring Data JPA repositories in DEFAULT mode.
2024-03-27T13:13:44.118+01:00  INFO 13684 --- [invoce-system] [restartedMain] .s.d.r.c.RepositoryConfigurationDelegate : Finished Spring Data repository scanning in 26 ms. Found 1 JPA repository interface.
2024-03-27T13:13:44.474+01:00  INFO 13684 --- [invoce-system] [restartedMain] o.s.b.w.embedded.tomcat.TomcatWebServer  : Tomcat initialized with port 8080 (http)
2024-03-27T13:13:44.478+01:00  INFO 13684 --- [invoce-system] [restartedMain] o.apache.catalina.core.StandardService   : Starting service [Tomcat]
2024-03-27T13:13:44.479+01:00  INFO 13684 --- [invoce-system] [restartedMain] o.apache.catalina.core.StandardEngine    : Starting Servlet engine: [Apache Tomcat/10.1.19]
2024-03-27T13:13:44.536+01:00  INFO 13684 --- [invoce-system] [restartedMain] o.a.c.c.C.[Tomcat].[localhost].[/]       : Initializing Spring embedded WebApplicationContext
2024-03-27T13:13:44.540+01:00  INFO 13684 --- [invoce-system] [restartedMain] w.s.c.ServletWebServerApplicationContext : Root WebApplicationContext: initialization completed in 1277 ms
2024-03-27T13:13:44.565+01:00  WARN 13684 --- [invoce-system] [restartedMain] com.zaxxer.hikari.HikariConfig           : HikariPool-2 - idleTimeout has been set but has no effect because the pool is operating as a fixed size pool.
2024-03-27T13:13:44.565+01:00  INFO 13684 --- [invoce-system] [restartedMain] com.zaxxer.hikari.HikariDataSource       : HikariPool-2 - Starting...
2024-03-27T13:13:44.582+01:00  INFO 13684 --- [invoce-system] [restartedMain] com.zaxxer.hikari.pool.HikariPool        : HikariPool-2 - Added connection com.mysql.cj.jdbc.ConnectionImpl@7b22de4a
2024-03-27T13:13:44.582+01:00  INFO 13684 --- [invoce-system] [restartedMain] com.zaxxer.hikari.HikariDataSource       : HikariPool-2 - Start completed.
2024-03-27T13:13:44.582+01:00  INFO 13684 --- [invoce-system] [restartedMain] o.s.b.a.h2.H2ConsoleAutoConfiguration    : H2 console available at '/h2-console'. Database available at 'jdbc:mysql://localhost:3306/invoices176s?useSSL=false'
2024-03-27T13:13:44.631+01:00  INFO 13684 --- [invoce-system] [restartedMain] o.hibernate.jpa.internal.util.LogHelper  : HHH000204: Processing PersistenceUnitInfo [name: default]
2024-03-27T13:13:44.637+01:00  INFO 13684 --- [invoce-system] [restartedMain] o.h.c.internal.RegionFactoryInitiator    : HHH000026: Second-level cache disabled
2024-03-27T13:13:44.646+01:00  INFO 13684 --- [invoce-system] [restartedMain] o.s.o.j.p.SpringPersistenceUnitInfo      : No LoadTimeWeaver setup: ignoring JPA class transformer
2024-03-27T13:13:44.649+01:00  WARN 13684 --- [invoce-system] [restartedMain] org.hibernate.orm.deprecation            : HHH90000025: MySQLDialect does not need to be specified explicitly using 'hibernate.dialect' (remove the property setting and it will be selected by default)
2024-03-27T13:13:44.764+01:00  INFO 13684 --- [invoce-system] [restartedMain] o.h.e.t.j.p.i.JtaPlatformInitiator       : HHH000489: No JTA platform available (set 'hibernate.transaction.jta.platform' to enable JTA platform integration)
2024-03-27T13:13:44.801+01:00  INFO 13684 --- [invoce-system] [restartedMain] j.LocalContainerEntityManagerFactoryBean : Initialized JPA EntityManagerFactory for persistence unit 'default'
2024-03-27T13:13:45.066+01:00  WARN 13684 --- [invoce-system] [restartedMain] JpaBaseConfiguration$JpaWebConfiguration : spring.jpa.open-in-view is enabled by default. Therefore, database queries may be performed during view rendering. Explicitly configure spring.jpa.open-in-view to disable this warning
2024-03-27T13:13:45.347+01:00  WARN 13684 --- [invoce-system] [restartedMain] .s.s.UserDetailsServiceAutoConfiguration : 

Using generated security password: deb2ec87-5bfa-4a57-ad1e-35490b5217f3

This generated password is for development use only. Your security configuration must be updated before running your application in production.

2024-03-27T13:13:45.375+01:00  INFO 13684 --- [invoce-system] [restartedMain] o.s.s.web.DefaultSecurityFilterChain     : Will secure any request with [org.springframework.security.web.session.DisableEncodeUrlFilter@272eeba8, org.springframework.security.web.context.request.async.WebAsyncManagerIntegrationFilter@6f6dfb6e, org.springframework.security.web.context.SecurityContextHolderFilter@44ae0bee, org.springframework.security.web.header.HeaderWriterFilter@195ee5d9, org.springframework.web.filter.CorsFilter@7f34d433, org.springframework.security.web.csrf.CsrfFilter@471dc8ff, org.springframework.security.web.authentication.logout.LogoutFilter@67a02de2, org.springframework.security.web.authentication.UsernamePasswordAuthenticationFilter@295723cb, org.springframework.security.web.authentication.ui.DefaultLoginPageGeneratingFilter@55f3f892, org.springframework.security.web.authentication.ui.DefaultLogoutPageGeneratingFilter@46d2a0df, org.springframework.security.web.authentication.www.BasicAuthenticationFilter@4f7ec43e, org.springframework.security.web.savedrequest.RequestCacheAwareFilter@6d5d79b4, org.springframework.security.web.servletapi.SecurityContextHolderAwareRequestFilter@3bedb21b, org.springframework.security.web.authentication.AnonymousAuthenticationFilter@16f17006, org.springframework.security.web.access.ExceptionTranslationFilter@4a6380a4, org.springframework.security.web.access.intercept.AuthorizationFilter@7b767fbc]
2024-03-27T13:13:45.397+01:00  INFO 13684 --- [invoce-system] [restartedMain] o.s.b.d.a.OptionalLiveReloadServer       : LiveReload server is running on port 35729
2024-03-27T13:13:45.414+01:00  INFO 13684 --- [invoce-system] [restartedMain] o.s.b.w.embedded.tomcat.TomcatWebServer  : Tomcat started on port 8080 (http) with context path ''
2024-03-27T13:13:45.418+01:00  INFO 13684 --- [invoce-system] [restartedMain] h.a.b.invoce.InvoceSystemApplication     : Started InvoceSystemApplication in 2.283 seconds (process running for 66.653)
2024-03-27T13:13:45.450+01:00  INFO 13684 --- [invoce-system] [restartedMain] .ConditionEvaluationDeltaLoggingListener : Condition evaluation unchanged
2024-03-27T13:14:04.263+01:00  INFO 13684 --- [invoce-system] [File Watcher] rtingClassPathChangeChangedEventListener : Restarting due to 1 class path change (0 additions, 0 deletions, 1 modification)
2024-03-27T13:14:04.273+01:00  INFO 13684 --- [invoce-system] [Thread-7] j.LocalContainerEntityManagerFactoryBean : Closing JPA EntityManagerFactory for persistence unit 'default'
2024-03-27T13:14:04.274+01:00  INFO 13684 --- [invoce-system] [Thread-7] com.zaxxer.hikari.HikariDataSource       : HikariPool-2 - Shutdown initiated...
2024-03-27T13:14:04.278+01:00  INFO 13684 --- [invoce-system] [Thread-7] com.zaxxer.hikari.HikariDataSource       : HikariPool-2 - Shutdown completed.
2024-03-27T13:14:04.389+01:00  INFO 13684 --- [invoce-system] [restartedMain] h.a.b.invoce.InvoceSystemApplication     : Starting InvoceSystemApplication using Java 21.0.1 with PID 13684 (D:\java_meghajto\ProgramozasTanitasa\java_backend_tanfolyam\anzek\pallas70projects\springboot-projektek\invoce\full-invoice-system\invoice\target\classes started by User in D:\java_meghajto\ProgramozasTanitasa\java_backend_tanfolyam\anzek\pallas70projects\springboot-projektek\invoce\full-invoice-system\invoice)
2024-03-27T13:14:04.390+01:00  INFO 13684 --- [invoce-system] [restartedMain] h.a.b.invoce.InvoceSystemApplication     : The following 1 profile is active: "normaluzem"
2024-03-27T13:14:04.677+01:00  INFO 13684 --- [invoce-system] [restartedMain] .s.d.r.c.RepositoryConfigurationDelegate : Bootstrapping Spring Data JPA repositories in DEFAULT mode.
2024-03-27T13:14:04.689+01:00  INFO 13684 --- [invoce-system] [restartedMain] .s.d.r.c.RepositoryConfigurationDelegate : Finished Spring Data repository scanning in 11 ms. Found 1 JPA repository interface.
2024-03-27T13:14:04.846+01:00  INFO 13684 --- [invoce-system] [restartedMain] o.s.b.w.embedded.tomcat.TomcatWebServer  : Tomcat initialized with port 8080 (http)
2024-03-27T13:14:04.847+01:00  INFO 13684 --- [invoce-system] [restartedMain] o.apache.catalina.core.StandardService   : Starting service [Tomcat]
2024-03-27T13:14:04.848+01:00  INFO 13684 --- [invoce-system] [restartedMain] o.apache.catalina.core.StandardEngine    : Starting Servlet engine: [Apache Tomcat/10.1.19]
2024-03-27T13:14:04.884+01:00  INFO 13684 --- [invoce-system] [restartedMain] o.a.c.c.C.[Tomcat].[localhost].[/]       : Initializing Spring embedded WebApplicationContext
2024-03-27T13:14:04.884+01:00  INFO 13684 --- [invoce-system] [restartedMain] w.s.c.ServletWebServerApplicationContext : Root WebApplicationContext: initialization completed in 493 ms
2024-03-27T13:14:04.914+01:00  WARN 13684 --- [invoce-system] [restartedMain] com.zaxxer.hikari.HikariConfig           : HikariPool-3 - idleTimeout has been set but has no effect because the pool is operating as a fixed size pool.
2024-03-27T13:14:04.914+01:00  INFO 13684 --- [invoce-system] [restartedMain] com.zaxxer.hikari.HikariDataSource       : HikariPool-3 - Starting...
2024-03-27T13:14:04.932+01:00  INFO 13684 --- [invoce-system] [restartedMain] com.zaxxer.hikari.pool.HikariPool        : HikariPool-3 - Added connection com.mysql.cj.jdbc.ConnectionImpl@66382ba6
2024-03-27T13:14:04.932+01:00  INFO 13684 --- [invoce-system] [restartedMain] com.zaxxer.hikari.HikariDataSource       : HikariPool-3 - Start completed.
2024-03-27T13:14:04.933+01:00  INFO 13684 --- [invoce-system] [restartedMain] o.s.b.a.h2.H2ConsoleAutoConfiguration    : H2 console available at '/h2-console'. Database available at 'jdbc:mysql://localhost:3306/invoices176s?useSSL=false'
2024-03-27T13:14:04.959+01:00  INFO 13684 --- [invoce-system] [restartedMain] o.hibernate.jpa.internal.util.LogHelper  : HHH000204: Processing PersistenceUnitInfo [name: default]
2024-03-27T13:14:04.963+01:00  INFO 13684 --- [invoce-system] [restartedMain] o.h.c.internal.RegionFactoryInitiator    : HHH000026: Second-level cache disabled
2024-03-27T13:14:04.969+01:00  INFO 13684 --- [invoce-system] [restartedMain] o.s.o.j.p.SpringPersistenceUnitInfo      : No LoadTimeWeaver setup: ignoring JPA class transformer
2024-03-27T13:14:04.972+01:00  WARN 13684 --- [invoce-system] [restartedMain] org.hibernate.orm.deprecation            : HHH90000025: MySQLDialect does not need to be specified explicitly using 'hibernate.dialect' (remove the property setting and it will be selected by default)
2024-03-27T13:14:05.023+01:00  INFO 13684 --- [invoce-system] [restartedMain] o.h.e.t.j.p.i.JtaPlatformInitiator       : HHH000489: No JTA platform available (set 'hibernate.transaction.jta.platform' to enable JTA platform integration)
2024-03-27T13:14:05.040+01:00  INFO 13684 --- [invoce-system] [restartedMain] j.LocalContainerEntityManagerFactoryBean : Initialized JPA EntityManagerFactory for persistence unit 'default'
2024-03-27T13:14:05.171+01:00  WARN 13684 --- [invoce-system] [restartedMain] JpaBaseConfiguration$JpaWebConfiguration : spring.jpa.open-in-view is enabled by default. Therefore, database queries may be performed during view rendering. Explicitly configure spring.jpa.open-in-view to disable this warning
2024-03-27T13:14:05.314+01:00  WARN 13684 --- [invoce-system] [restartedMain] .s.s.UserDetailsServiceAutoConfiguration : 

Using generated security password: 6d08406c-5671-4ea9-9fab-00fca7cbae7b

This generated password is for development use only. Your security configuration must be updated before running your application in production.

2024-03-27T13:14:05.324+01:00  INFO 13684 --- [invoce-system] [restartedMain] o.s.s.web.DefaultSecurityFilterChain     : Will secure any request with [org.springframework.security.web.session.DisableEncodeUrlFilter@ce921f8, org.springframework.security.web.context.request.async.WebAsyncManagerIntegrationFilter@78d3089d, org.springframework.security.web.context.SecurityContextHolderFilter@6ebbd9a9, org.springframework.security.web.header.HeaderWriterFilter@4f0e70bc, org.springframework.web.filter.CorsFilter@269dcbe7, org.springframework.security.web.csrf.CsrfFilter@166d0954, org.springframework.security.web.authentication.logout.LogoutFilter@41e5adf, org.springframework.security.web.authentication.UsernamePasswordAuthenticationFilter@5371bc3c, org.springframework.security.web.authentication.ui.DefaultLoginPageGeneratingFilter@366c5f3e, org.springframework.security.web.authentication.ui.DefaultLogoutPageGeneratingFilter@7de855bf, org.springframework.security.web.authentication.www.BasicAuthenticationFilter@25cfdc2f, org.springframework.security.web.savedrequest.RequestCacheAwareFilter@10e24a83, org.springframework.security.web.servletapi.SecurityContextHolderAwareRequestFilter@adb4549, org.springframework.security.web.authentication.AnonymousAuthenticationFilter@38cb4d1b, org.springframework.security.web.access.ExceptionTranslationFilter@1d50fe68, org.springframework.security.web.access.intercept.AuthorizationFilter@fe860e]
2024-03-27T13:14:05.340+01:00  INFO 13684 --- [invoce-system] [restartedMain] o.s.b.d.a.OptionalLiveReloadServer       : LiveReload server is running on port 35729
2024-03-27T13:14:05.349+01:00  INFO 13684 --- [invoce-system] [restartedMain] o.s.b.w.embedded.tomcat.TomcatWebServer  : Tomcat started on port 8080 (http) with context path ''
2024-03-27T13:14:05.357+01:00  INFO 13684 --- [invoce-system] [restartedMain] h.a.b.invoce.InvoceSystemApplication     : Started InvoceSystemApplication in 1.012 seconds (process running for 86.591)
2024-03-27T13:14:05.369+01:00  INFO 13684 --- [invoce-system] [restartedMain] .ConditionEvaluationDeltaLoggingListener : Condition evaluation unchanged
2024-03-27T13:14:33.565+01:00  INFO 13684 --- [invoce-system] [File Watcher] rtingClassPathChangeChangedEventListener : Restarting due to 1 class path change (0 additions, 0 deletions, 1 modification)
2024-03-27T13:14:33.578+01:00  INFO 13684 --- [invoce-system] [Thread-11] j.LocalContainerEntityManagerFactoryBean : Closing JPA EntityManagerFactory for persistence unit 'default'
2024-03-27T13:14:33.581+01:00  INFO 13684 --- [invoce-system] [Thread-11] com.zaxxer.hikari.HikariDataSource       : HikariPool-3 - Shutdown initiated...
2024-03-27T13:14:33.586+01:00  INFO 13684 --- [invoce-system] [Thread-11] com.zaxxer.hikari.HikariDataSource       : HikariPool-3 - Shutdown completed.
2024-03-27T13:14:33.689+01:00  INFO 13684 --- [invoce-system] [restartedMain] h.a.b.invoce.InvoceSystemApplication     : Starting InvoceSystemApplication using Java 21.0.1 with PID 13684 (D:\java_meghajto\ProgramozasTanitasa\java_backend_tanfolyam\anzek\pallas70projects\springboot-projektek\invoce\full-invoice-system\invoice\target\classes started by User in D:\java_meghajto\ProgramozasTanitasa\java_backend_tanfolyam\anzek\pallas70projects\springboot-projektek\invoce\full-invoice-system\invoice)
2024-03-27T13:14:33.690+01:00  INFO 13684 --- [invoce-system] [restartedMain] h.a.b.invoce.InvoceSystemApplication     : The following 1 profile is active: "normaluzem"
2024-03-27T13:14:33.974+01:00  INFO 13684 --- [invoce-system] [restartedMain] .s.d.r.c.RepositoryConfigurationDelegate : Bootstrapping Spring Data JPA repositories in DEFAULT mode.
2024-03-27T13:14:33.985+01:00  INFO 13684 --- [invoce-system] [restartedMain] .s.d.r.c.RepositoryConfigurationDelegate : Finished Spring Data repository scanning in 11 ms. Found 1 JPA repository interface.
2024-03-27T13:14:34.143+01:00  INFO 13684 --- [invoce-system] [restartedMain] o.s.b.w.embedded.tomcat.TomcatWebServer  : Tomcat initialized with port 8080 (http)
2024-03-27T13:14:34.144+01:00  INFO 13684 --- [invoce-system] [restartedMain] o.apache.catalina.core.StandardService   : Starting service [Tomcat]
2024-03-27T13:14:34.144+01:00  INFO 13684 --- [invoce-system] [restartedMain] o.apache.catalina.core.StandardEngine    : Starting Servlet engine: [Apache Tomcat/10.1.19]
2024-03-27T13:14:34.205+01:00  INFO 13684 --- [invoce-system] [restartedMain] o.a.c.c.C.[Tomcat].[localhost].[/]       : Initializing Spring embedded WebApplicationContext
2024-03-27T13:14:34.206+01:00  INFO 13684 --- [invoce-system] [restartedMain] w.s.c.ServletWebServerApplicationContext : Root WebApplicationContext: initialization completed in 513 ms
2024-03-27T13:14:34.233+01:00  WARN 13684 --- [invoce-system] [restartedMain] com.zaxxer.hikari.HikariConfig           : HikariPool-4 - idleTimeout has been set but has no effect because the pool is operating as a fixed size pool.
2024-03-27T13:14:34.234+01:00  INFO 13684 --- [invoce-system] [restartedMain] com.zaxxer.hikari.HikariDataSource       : HikariPool-4 - Starting...
2024-03-27T13:14:34.244+01:00  INFO 13684 --- [invoce-system] [restartedMain] com.zaxxer.hikari.pool.HikariPool        : HikariPool-4 - Added connection com.mysql.cj.jdbc.ConnectionImpl@558aafaf
2024-03-27T13:14:34.244+01:00  INFO 13684 --- [invoce-system] [restartedMain] com.zaxxer.hikari.HikariDataSource       : HikariPool-4 - Start completed.
2024-03-27T13:14:34.244+01:00  INFO 13684 --- [invoce-system] [restartedMain] o.s.b.a.h2.H2ConsoleAutoConfiguration    : H2 console available at '/h2-console'. Database available at 'jdbc:mysql://localhost:3306/invoices176s?useSSL=false'
2024-03-27T13:14:34.275+01:00  INFO 13684 --- [invoce-system] [restartedMain] o.hibernate.jpa.internal.util.LogHelper  : HHH000204: Processing PersistenceUnitInfo [name: default]
2024-03-27T13:14:34.277+01:00  INFO 13684 --- [invoce-system] [restartedMain] o.h.c.internal.RegionFactoryInitiator    : HHH000026: Second-level cache disabled
2024-03-27T13:14:34.284+01:00  INFO 13684 --- [invoce-system] [restartedMain] o.s.o.j.p.SpringPersistenceUnitInfo      : No LoadTimeWeaver setup: ignoring JPA class transformer
2024-03-27T13:14:34.288+01:00  WARN 13684 --- [invoce-system] [restartedMain] org.hibernate.orm.deprecation            : HHH90000025: MySQLDialect does not need to be specified explicitly using 'hibernate.dialect' (remove the property setting and it will be selected by default)
2024-03-27T13:14:34.339+01:00  INFO 13684 --- [invoce-system] [restartedMain] o.h.e.t.j.p.i.JtaPlatformInitiator       : HHH000489: No JTA platform available (set 'hibernate.transaction.jta.platform' to enable JTA platform integration)
2024-03-27T13:14:34.356+01:00  INFO 13684 --- [invoce-system] [restartedMain] j.LocalContainerEntityManagerFactoryBean : Initialized JPA EntityManagerFactory for persistence unit 'default'
2024-03-27T13:14:34.437+01:00  WARN 13684 --- [invoce-system] [restartedMain] ConfigServletWebServerApplicationContext : Exception encountered during context initialization - cancelling refresh attempt: org.springframework.beans.factory.UnsatisfiedDependencyException: Error creating bean with name 'systemLoginController': Unsatisfied dependency expressed through field 'isauth': No qualifying bean of type 'hu.anzek.backend.invoce.service.InvoiceSystemAutheticator' available: expected single matching bean but found 2: invoiceSystemAuthentikatorLiveRun,invoiceSystemAuthentikatorTestRun
2024-03-27T13:14:34.437+01:00  INFO 13684 --- [invoce-system] [restartedMain] j.LocalContainerEntityManagerFactoryBean : Closing JPA EntityManagerFactory for persistence unit 'default'
2024-03-27T13:14:34.438+01:00  INFO 13684 --- [invoce-system] [restartedMain] com.zaxxer.hikari.HikariDataSource       : HikariPool-4 - Shutdown initiated...
2024-03-27T13:14:34.467+01:00  INFO 13684 --- [invoce-system] [restartedMain] com.zaxxer.hikari.HikariDataSource       : HikariPool-4 - Shutdown completed.
2024-03-27T13:14:34.468+01:00  INFO 13684 --- [invoce-system] [restartedMain] o.apache.catalina.core.StandardService   : Stopping service [Tomcat]
2024-03-27T13:14:34.475+01:00  INFO 13684 --- [invoce-system] [restartedMain] .s.b.a.l.ConditionEvaluationReportLogger : 

Error starting ApplicationContext. To display the condition evaluation report re-run your application with 'debug' enabled.
2024-03-27T13:14:34.505+01:00 ERROR 13684 --- [invoce-system] [restartedMain] o.s.b.d.LoggingFailureAnalysisReporter   : 

***************************
APPLICATION FAILED TO START
***************************

Description:

Field isauth in hu.anzek.backend.invoce.controller.SystemLoginController required a single bean, but 2 were found:
	- invoiceSystemAuthentikatorLiveRun: defined by method 'invoiceSystemAuthentikatorLiveRun' in class path resource [hu/anzek/backend/invoce/config/AuthorizationConfigLiveRun.class]
	- invoiceSystemAuthentikatorTestRun: defined in file [D:\java_meghajto\ProgramozasTanitasa\java_backend_tanfolyam\anzek\pallas70projects\springboot-projektek\invoce\full-invoice-system\invoice\target\classes\hu\anzek\backend\invoce\service\InvoiceSystemAuthentikatorTestRun.class]

This may be due to missing parameter name information

Action:

Consider marking one of the beans as @Primary, updating the consumer to accept multiple beans, or using @Qualifier to identify the bean that should be consumed

Ensure that your compiler is configured to use the '-parameters' flag.
You may need to update both your build tool settings as well as your IDE.
(See https://github.com/spring-projects/spring-framework/wiki/Upgrading-to-Spring-Framework-6.x#parameter-name-retention)


2024-03-27T13:14:52.512+01:00  INFO 13684 --- [invoce-system] [restartedMain] h.a.b.invoce.InvoceSystemApplication     : Starting InvoceSystemApplication using Java 21.0.1 with PID 13684 (D:\java_meghajto\ProgramozasTanitasa\java_backend_tanfolyam\anzek\pallas70projects\springboot-projektek\invoce\full-invoice-system\invoice\target\classes started by User in D:\java_meghajto\ProgramozasTanitasa\java_backend_tanfolyam\anzek\pallas70projects\springboot-projektek\invoce\full-invoice-system\invoice)
2024-03-27T13:14:52.512+01:00  INFO 13684 --- [invoce-system] [restartedMain] h.a.b.invoce.InvoceSystemApplication     : The following 1 profile is active: "normaluzem"
2024-03-27T13:14:52.846+01:00  INFO 13684 --- [invoce-system] [restartedMain] .s.d.r.c.RepositoryConfigurationDelegate : Bootstrapping Spring Data JPA repositories in DEFAULT mode.
2024-03-27T13:14:52.859+01:00  INFO 13684 --- [invoce-system] [restartedMain] .s.d.r.c.RepositoryConfigurationDelegate : Finished Spring Data repository scanning in 13 ms. Found 1 JPA repository interface.
2024-03-27T13:14:53.045+01:00  INFO 13684 --- [invoce-system] [restartedMain] o.s.b.w.embedded.tomcat.TomcatWebServer  : Tomcat initialized with port 8080 (http)
2024-03-27T13:14:53.049+01:00  INFO 13684 --- [invoce-system] [restartedMain] o.apache.catalina.core.StandardService   : Starting service [Tomcat]
2024-03-27T13:14:53.057+01:00  INFO 13684 --- [invoce-system] [restartedMain] o.apache.catalina.core.StandardEngine    : Starting Servlet engine: [Apache Tomcat/10.1.19]
2024-03-27T13:14:53.107+01:00  INFO 13684 --- [invoce-system] [restartedMain] o.a.c.c.C.[Tomcat-1].[localhost].[/]     : Initializing Spring embedded WebApplicationContext
2024-03-27T13:14:53.107+01:00  INFO 13684 --- [invoce-system] [restartedMain] w.s.c.ServletWebServerApplicationContext : Root WebApplicationContext: initialization completed in 595 ms
2024-03-27T13:14:53.127+01:00  WARN 13684 --- [invoce-system] [restartedMain] com.zaxxer.hikari.HikariConfig           : HikariPool-5 - idleTimeout has been set but has no effect because the pool is operating as a fixed size pool.
2024-03-27T13:14:53.128+01:00  INFO 13684 --- [invoce-system] [restartedMain] com.zaxxer.hikari.HikariDataSource       : HikariPool-5 - Starting...
2024-03-27T13:14:53.142+01:00  INFO 13684 --- [invoce-system] [restartedMain] com.zaxxer.hikari.pool.HikariPool        : HikariPool-5 - Added connection com.mysql.cj.jdbc.ConnectionImpl@6addfef4
2024-03-27T13:14:53.143+01:00  INFO 13684 --- [invoce-system] [restartedMain] com.zaxxer.hikari.HikariDataSource       : HikariPool-5 - Start completed.
2024-03-27T13:14:53.143+01:00  INFO 13684 --- [invoce-system] [restartedMain] o.s.b.a.h2.H2ConsoleAutoConfiguration    : H2 console available at '/h2-console'. Database available at 'jdbc:mysql://localhost:3306/invoices176s?useSSL=false'
2024-03-27T13:14:53.174+01:00  INFO 13684 --- [invoce-system] [restartedMain] o.hibernate.jpa.internal.util.LogHelper  : HHH000204: Processing PersistenceUnitInfo [name: default]
2024-03-27T13:14:53.177+01:00  INFO 13684 --- [invoce-system] [restartedMain] o.h.c.internal.RegionFactoryInitiator    : HHH000026: Second-level cache disabled
2024-03-27T13:14:53.183+01:00  INFO 13684 --- [invoce-system] [restartedMain] o.s.o.j.p.SpringPersistenceUnitInfo      : No LoadTimeWeaver setup: ignoring JPA class transformer
2024-03-27T13:14:53.190+01:00  WARN 13684 --- [invoce-system] [restartedMain] org.hibernate.orm.deprecation            : HHH90000025: MySQLDialect does not need to be specified explicitly using 'hibernate.dialect' (remove the property setting and it will be selected by default)
2024-03-27T13:14:53.279+01:00  INFO 13684 --- [invoce-system] [restartedMain] o.h.e.t.j.p.i.JtaPlatformInitiator       : HHH000489: No JTA platform available (set 'hibernate.transaction.jta.platform' to enable JTA platform integration)
2024-03-27T13:14:53.330+01:00  INFO 13684 --- [invoce-system] [restartedMain] j.LocalContainerEntityManagerFactoryBean : Initialized JPA EntityManagerFactory for persistence unit 'default'
2024-03-27T13:14:53.483+01:00  WARN 13684 --- [invoce-system] [restartedMain] JpaBaseConfiguration$JpaWebConfiguration : spring.jpa.open-in-view is enabled by default. Therefore, database queries may be performed during view rendering. Explicitly configure spring.jpa.open-in-view to disable this warning
2024-03-27T13:14:53.637+01:00  WARN 13684 --- [invoce-system] [restartedMain] .s.s.UserDetailsServiceAutoConfiguration : 

Using generated security password: 440fc1d6-903e-47d1-b79c-475ee6a154f8

This generated password is for development use only. Your security configuration must be updated before running your application in production.

2024-03-27T13:14:53.665+01:00  INFO 13684 --- [invoce-system] [restartedMain] o.s.s.web.DefaultSecurityFilterChain     : Will secure any request with [org.springframework.security.web.session.DisableEncodeUrlFilter@3891e05b, org.springframework.security.web.context.request.async.WebAsyncManagerIntegrationFilter@4878548d, org.springframework.security.web.context.SecurityContextHolderFilter@6668b2ce, org.springframework.security.web.header.HeaderWriterFilter@1c10c024, org.springframework.web.filter.CorsFilter@511b9ed5, org.springframework.security.web.csrf.CsrfFilter@68ea9732, org.springframework.security.web.authentication.logout.LogoutFilter@4311652c, org.springframework.security.web.authentication.UsernamePasswordAuthenticationFilter@33b559fe, org.springframework.security.web.authentication.ui.DefaultLoginPageGeneratingFilter@5ff5137, org.springframework.security.web.authentication.ui.DefaultLogoutPageGeneratingFilter@19bae2d, org.springframework.security.web.authentication.www.BasicAuthenticationFilter@7bc572a1, org.springframework.security.web.savedrequest.RequestCacheAwareFilter@5a07ea36, org.springframework.security.web.servletapi.SecurityContextHolderAwareRequestFilter@1f74a31d, org.springframework.security.web.authentication.AnonymousAuthenticationFilter@363f057d, org.springframework.security.web.access.ExceptionTranslationFilter@71568c1f, org.springframework.security.web.access.intercept.AuthorizationFilter@6cecafe]
2024-03-27T13:14:53.686+01:00  INFO 13684 --- [invoce-system] [restartedMain] o.s.b.d.a.OptionalLiveReloadServer       : LiveReload server is running on port 35729
2024-03-27T13:14:53.701+01:00  INFO 13684 --- [invoce-system] [restartedMain] o.s.b.w.embedded.tomcat.TomcatWebServer  : Tomcat started on port 8080 (http) with context path ''
2024-03-27T13:14:53.707+01:00  INFO 13684 --- [invoce-system] [restartedMain] h.a.b.invoce.InvoceSystemApplication     : Started InvoceSystemApplication in 1.249 seconds (process running for 134.942)
2024-03-27T13:14:53.723+01:00  INFO 13684 --- [invoce-system] [restartedMain] .ConditionEvaluationDeltaLoggingListener : Condition evaluation unchanged
2024-03-27T13:15:12.661+01:00  INFO 13684 --- [invoce-system] [File Watcher] rtingClassPathChangeChangedEventListener : Restarting due to 1 class path change (0 additions, 1 deletion, 0 modifications)
2024-03-27T13:15:12.681+01:00  INFO 13684 --- [invoce-system] [Thread-15] j.LocalContainerEntityManagerFactoryBean : Closing JPA EntityManagerFactory for persistence unit 'default'
2024-03-27T13:15:12.683+01:00  INFO 13684 --- [invoce-system] [Thread-15] com.zaxxer.hikari.HikariDataSource       : HikariPool-5 - Shutdown initiated...
2024-03-27T13:15:12.692+01:00  INFO 13684 --- [invoce-system] [Thread-15] com.zaxxer.hikari.HikariDataSource       : HikariPool-5 - Shutdown completed.
2024-03-27T13:15:12.802+01:00  INFO 13684 --- [invoce-system] [restartedMain] h.a.b.invoce.InvoceSystemApplication     : Starting InvoceSystemApplication using Java 21.0.1 with PID 13684 (D:\java_meghajto\ProgramozasTanitasa\java_backend_tanfolyam\anzek\pallas70projects\springboot-projektek\invoce\full-invoice-system\invoice\target\classes started by User in D:\java_meghajto\ProgramozasTanitasa\java_backend_tanfolyam\anzek\pallas70projects\springboot-projektek\invoce\full-invoice-system\invoice)
2024-03-27T13:15:12.802+01:00  INFO 13684 --- [invoce-system] [restartedMain] h.a.b.invoce.InvoceSystemApplication     : The following 1 profile is active: "normaluzem"
2024-03-27T13:15:13.233+01:00  INFO 13684 --- [invoce-system] [restartedMain] .s.d.r.c.RepositoryConfigurationDelegate : Bootstrapping Spring Data JPA repositories in DEFAULT mode.
2024-03-27T13:15:13.245+01:00  INFO 13684 --- [invoce-system] [restartedMain] .s.d.r.c.RepositoryConfigurationDelegate : Finished Spring Data repository scanning in 11 ms. Found 1 JPA repository interface.
2024-03-27T13:15:13.473+01:00  INFO 13684 --- [invoce-system] [restartedMain] o.s.b.w.embedded.tomcat.TomcatWebServer  : Tomcat initialized with port 8080 (http)
2024-03-27T13:15:13.477+01:00  INFO 13684 --- [invoce-system] [restartedMain] o.apache.catalina.core.StandardService   : Starting service [Tomcat]
2024-03-27T13:15:13.478+01:00  INFO 13684 --- [invoce-system] [restartedMain] o.apache.catalina.core.StandardEngine    : Starting Servlet engine: [Apache Tomcat/10.1.19]
2024-03-27T13:15:13.522+01:00  INFO 13684 --- [invoce-system] [restartedMain] o.a.c.c.C.[Tomcat-1].[localhost].[/]     : Initializing Spring embedded WebApplicationContext
2024-03-27T13:15:13.522+01:00  INFO 13684 --- [invoce-system] [restartedMain] w.s.c.ServletWebServerApplicationContext : Root WebApplicationContext: initialization completed in 716 ms
2024-03-27T13:15:13.540+01:00  WARN 13684 --- [invoce-system] [restartedMain] com.zaxxer.hikari.HikariConfig           : HikariPool-6 - idleTimeout has been set but has no effect because the pool is operating as a fixed size pool.
2024-03-27T13:15:13.541+01:00  INFO 13684 --- [invoce-system] [restartedMain] com.zaxxer.hikari.HikariDataSource       : HikariPool-6 - Starting...
2024-03-27T13:15:13.552+01:00  INFO 13684 --- [invoce-system] [restartedMain] com.zaxxer.hikari.pool.HikariPool        : HikariPool-6 - Added connection com.mysql.cj.jdbc.ConnectionImpl@40e0a969
2024-03-27T13:15:13.552+01:00  INFO 13684 --- [invoce-system] [restartedMain] com.zaxxer.hikari.HikariDataSource       : HikariPool-6 - Start completed.
2024-03-27T13:15:13.553+01:00  INFO 13684 --- [invoce-system] [restartedMain] o.s.b.a.h2.H2ConsoleAutoConfiguration    : H2 console available at '/h2-console'. Database available at 'jdbc:mysql://localhost:3306/invoices176s?useSSL=false'
2024-03-27T13:15:13.578+01:00  INFO 13684 --- [invoce-system] [restartedMain] o.hibernate.jpa.internal.util.LogHelper  : HHH000204: Processing PersistenceUnitInfo [name: default]
2024-03-27T13:15:13.583+01:00  INFO 13684 --- [invoce-system] [restartedMain] o.h.c.internal.RegionFactoryInitiator    : HHH000026: Second-level cache disabled
2024-03-27T13:15:13.588+01:00  INFO 13684 --- [invoce-system] [restartedMain] o.s.o.j.p.SpringPersistenceUnitInfo      : No LoadTimeWeaver setup: ignoring JPA class transformer
2024-03-27T13:15:13.591+01:00  WARN 13684 --- [invoce-system] [restartedMain] org.hibernate.orm.deprecation            : HHH90000025: MySQLDialect does not need to be specified explicitly using 'hibernate.dialect' (remove the property setting and it will be selected by default)
2024-03-27T13:15:13.632+01:00  INFO 13684 --- [invoce-system] [restartedMain] o.h.e.t.j.p.i.JtaPlatformInitiator       : HHH000489: No JTA platform available (set 'hibernate.transaction.jta.platform' to enable JTA platform integration)
2024-03-27T13:15:13.660+01:00  INFO 13684 --- [invoce-system] [restartedMain] j.LocalContainerEntityManagerFactoryBean : Initialized JPA EntityManagerFactory for persistence unit 'default'
2024-03-27T13:15:13.844+01:00  WARN 13684 --- [invoce-system] [restartedMain] JpaBaseConfiguration$JpaWebConfiguration : spring.jpa.open-in-view is enabled by default. Therefore, database queries may be performed during view rendering. Explicitly configure spring.jpa.open-in-view to disable this warning
2024-03-27T13:15:13.999+01:00  WARN 13684 --- [invoce-system] [restartedMain] .s.s.UserDetailsServiceAutoConfiguration : 

Using generated security password: b80e3d2e-0e4c-4f23-987e-547f483cb6cf

This generated password is for development use only. Your security configuration must be updated before running your application in production.

2024-03-27T13:15:14.016+01:00  INFO 13684 --- [invoce-system] [restartedMain] o.s.s.web.DefaultSecurityFilterChain     : Will secure any request with [org.springframework.security.web.session.DisableEncodeUrlFilter@1ff5b2c3, org.springframework.security.web.context.request.async.WebAsyncManagerIntegrationFilter@438207c1, org.springframework.security.web.context.SecurityContextHolderFilter@2b48ca3f, org.springframework.security.web.header.HeaderWriterFilter@76a83cbc, org.springframework.web.filter.CorsFilter@39aeec4b, org.springframework.security.web.csrf.CsrfFilter@2ad7daf1, org.springframework.security.web.authentication.logout.LogoutFilter@1f888dd9, org.springframework.security.web.authentication.UsernamePasswordAuthenticationFilter@3c38dddf, org.springframework.security.web.authentication.ui.DefaultLoginPageGeneratingFilter@2914adba, org.springframework.security.web.authentication.ui.DefaultLogoutPageGeneratingFilter@75a979e3, org.springframework.security.web.authentication.www.BasicAuthenticationFilter@670579c4, org.springframework.security.web.savedrequest.RequestCacheAwareFilter@3f5c8df5, org.springframework.security.web.servletapi.SecurityContextHolderAwareRequestFilter@1eee2f07, org.springframework.security.web.authentication.AnonymousAuthenticationFilter@4778ae3f, org.springframework.security.web.access.ExceptionTranslationFilter@3762de3f, org.springframework.security.web.access.intercept.AuthorizationFilter@7c0415e1]
2024-03-27T13:15:14.035+01:00  INFO 13684 --- [invoce-system] [restartedMain] o.s.b.d.a.OptionalLiveReloadServer       : LiveReload server is running on port 35729
2024-03-27T13:15:14.047+01:00  INFO 13684 --- [invoce-system] [restartedMain] o.s.b.w.embedded.tomcat.TomcatWebServer  : Tomcat started on port 8080 (http) with context path ''
2024-03-27T13:15:14.052+01:00  INFO 13684 --- [invoce-system] [restartedMain] h.a.b.invoce.InvoceSystemApplication     : Started InvoceSystemApplication in 1.292 seconds (process running for 155.288)
2024-03-27T13:15:14.068+01:00  INFO 13684 --- [invoce-system] [restartedMain] .ConditionEvaluationDeltaLoggingListener : Condition evaluation unchanged
